Build started 11/29/2014 6:24:30 PM.
     1>Project "E:\MS IN COMPUTER ENG\Fall 2014 semester 2\ADS\Assignment5\Assignment5\Assignment5\Assignment5.vcxproj" on node 2 (Build target(s)).
     1>ClCompile:
         C:\Program Files (x86)\Microsoft Visual Studio 12.0\VC\bin\CL.exe /c /ZI /nologo /W3 /WX- /sdl /Od /Oy- /D _MBCS /Gm /EHsc /RTC1 /MDd /GS /fp:precise /Zc:wchar_t /Zc:forScope /Fo"Debug\\" /Fd"Debug\vc120.pdb" /Gd /TP /analyze- /errorReport:prompt main.cpp
         main.cpp
     1>e:\ms in computer eng\fall 2014 semester 2\ads\assignment5\assignment5\assignment5\interfaces05.h(18): warning C4522: 'CompositeKey' : multiple assignment operators specified
     1>e:\ms in computer eng\fall 2014 semester 2\ads\assignment5\assignment5\assignment5\main.cpp(31): warning C4244: '+=' : conversion from '__int64' to 'long', possible loss of data
       Link:
         C:\Program Files (x86)\Microsoft Visual Studio 12.0\VC\bin\link.exe /ERRORREPORT:PROMPT /OUT:"E:\MS IN COMPUTER ENG\Fall 2014 semester 2\ADS\Assignment5\Assignment5\Debug\Assignment5.exe" /INCREMENTAL /NOLOGO kernel32.lib user32.lib gdi32.lib winspool.lib comdlg32.lib advapi32.lib shell32.lib ole32.lib oleaut32.lib uuid.lib odbc32.lib odbccp32.lib /MANIFEST /MANIFESTUAC:"level='asInvoker' uiAccess='false'" /manifest:embed /DEBUG /PDB:"E:\MS IN COMPUTER ENG\Fall 2014 semester 2\ADS\Assignment5\Assignment5\Debug\Assignment5.pdb" /TLBID:1 /DYNAMICBASE /NXCOMPAT /IMPLIB:"E:\MS IN COMPUTER ENG\Fall 2014 semester 2\ADS\Assignment5\Assignment5\Debug\Assignment5.lib" /MACHINE:X86 Debug\AbstractGrader.obj
         Debug\BulkHashMap.obj
         Debug\Commands05.obj
         Debug\Date.obj
         Debug\Factory05.obj
         Debug\Grader05.obj
         Debug\Hashmap.obj
         Debug\Interfaces05.obj
         Debug\main.obj
         Debug\MemUsage.obj
         Debug\ObjectFactory.obj
         Debug\Random.obj
         Debug\SingleNode.obj
         Debug\Stopwatch.obj
         Debug\UnixStopwatch.obj
         Debug\WindowsStopwatch.obj
         Assignment5.vcxproj -> E:\MS IN COMPUTER ENG\Fall 2014 semester 2\ADS\Assignment5\Assignment5\Debug\Assignment5.exe
     1>Done Building Project "E:\MS IN COMPUTER ENG\Fall 2014 semester 2\ADS\Assignment5\Assignment5\Assignment5\Assignment5.vcxproj" (Build target(s)).

Build succeeded.

Time Elapsed 00:00:00.83
